{"/app/apps/backend/src/prisma.js": {"path":"/app/apps/backend/src/prisma.js","statementMap":{"0":{"start":{"line":4,"column":0},"end":{"line":4,"column":16}},"1":{"start":{"line":8,"column":0},"end":{"line":94,"column":1}},"2":{"start":{"line":9,"column":19},"end":{"line":9,"column":48}},"3":{"start":{"line":11,"column":2},"end":{"line":91,"column":4}},"4":{"start":{"line":90,"column":46},"end":{"line":90,"column":68}},"5":{"start":{"line":93,"column":2},"end":{"line":93,"column":30}}},"fnMap":{"0":{"name":"(anonymous_0)","decl":{"start":{"line":90,"column":26},"end":{"line":90,"column":27}},"loc":{"start":{"line":90,"column":46},"end":{"line":90,"column":68}},"line":90}},"branchMap":{"0":{"loc":{"start":{"line":8,"column":0},"end":{"line":94,"column":1}},"type":"if","locations":[{"start":{"line":8,"column":0},"end":{"line":94,"column":1}},{"start":{"line":92,"column":7},"end":{"line":94,"column":1}}],"line":8}},"s":{"0":1,"1":1,"2":1,"3":1,"4":0,"5":0},"f":{"0":0},"b":{"0":[1,0]},"_coverageSchema":"1a1c01bbd47fc00a2c39e90264f33305004495a9","hash":"170f5cd0d223a847764d10afb046eaee8cf4d8a8"}
,"/app/apps/backend/src/controllers/authController.js": {"path":"/app/apps/backend/src/controllers/authController.js","statementMap":{"0":{"start":{"line":5,"column":19},"end":{"line":5,"column":75}},"1":{"start":{"line":7,"column":21},"end":{"line":60,"column":1}},"2":{"start":{"line":8,"column":2},"end":{"line":59,"column":3}},"3":{"start":{"line":9,"column":34},"end":{"line":9,"column":42}},"4":{"start":{"line":11,"column":4},"end":{"line":13,"column":5}},"5":{"start":{"line":12,"column":6},"end":{"line":12,"column":97}},"6":{"start":{"line":15,"column":17},"end":{"line":22,"column":6}},"7":{"start":{"line":24,"column":4},"end":{"line":26,"column":5}},"8":{"start":{"line":25,"column":6},"end":{"line":25,"column":71}},"9":{"start":{"line":28,"column":28},"end":{"line":28,"column":73}},"10":{"start":{"line":30,"column":4},"end":{"line":32,"column":5}},"11":{"start":{"line":31,"column":6},"end":{"line":31,"column":71}},"12":{"start":{"line":34,"column":4},"end":{"line":36,"column":5}},"13":{"start":{"line":35,"column":6},"end":{"line":35,"column":65}},"14":{"start":{"line":38,"column":18},"end":{"line":42,"column":5}},"15":{"start":{"line":44,"column":4},"end":{"line":55,"column":7}},"16":{"start":{"line":57,"column":4},"end":{"line":57,"column":46}},"17":{"start":{"line":58,"column":4},"end":{"line":58,"column":66}},"18":{"start":{"line":62,"column":24},"end":{"line":112,"column":1}},"19":{"start":{"line":63,"column":2},"end":{"line":111,"column":3}},"20":{"start":{"line":64,"column":60},"end":{"line":64,"column":68}},"21":{"start":{"line":66,"column":4},"end":{"line":68,"column":5}},"22":{"start":{"line":67,"column":6},"end":{"line":67,"column":101}},"23":{"start":{"line":71,"column":23},"end":{"line":71,"column":51}},"24":{"start":{"line":72,"column":4},"end":{"line":74,"column":5}},"25":{"start":{"line":73,"column":6},"end":{"line":73,"column":95}},"26":{"start":{"line":77,"column":4},"end":{"line":79,"column":5}},"27":{"start":{"line":78,"column":6},"end":{"line":78,"column":102}},"28":{"start":{"line":82,"column":27},"end":{"line":82,"column":70}},"29":{"start":{"line":84,"column":20},"end":{"line":94,"column":6}},"30":{"start":{"line":96,"column":4},"end":{"line":104,"column":7}},"31":{"start":{"line":106,"column":4},"end":{"line":106,"column":49}},"32":{"start":{"line":107,"column":4},"end":{"line":109,"column":5}},"33":{"start":{"line":108,"column":6},"end":{"line":108,"column":87}},"34":{"start":{"line":110,"column":4},"end":{"line":110,"column":90}},"35":{"start":{"line":114,"column":21},"end":{"line":138,"column":1}},"36":{"start":{"line":115,"column":2},"end":{"line":137,"column":3}},"37":{"start":{"line":116,"column":17},"end":{"line":118,"column":6}},"38":{"start":{"line":120,"column":4},"end":{"line":122,"column":5}},"39":{"start":{"line":121,"column":6},"end":{"line":121,"column":70}},"40":{"start":{"line":124,"column":4},"end":{"line":133,"column":7}},"41":{"start":{"line":135,"column":4},"end":{"line":135,"column":46}},"42":{"start":{"line":136,"column":4},"end":{"line":136,"column":76}}},"fnMap":{"0":{"name":"(anonymous_0)","decl":{"start":{"line":7,"column":21},"end":{"line":7,"column":22}},"loc":{"start":{"line":7,"column":41},"end":{"line":60,"column":1}},"line":7},"1":{"name":"(anonymous_1)","decl":{"start":{"line":62,"column":24},"end":{"line":62,"column":25}},"loc":{"start":{"line":62,"column":44},"end":{"line":112,"column":1}},"line":62},"2":{"name":"(anonymous_2)","decl":{"start":{"line":114,"column":21},"end":{"line":114,"column":22}},"loc":{"start":{"line":114,"column":41},"end":{"line":138,"column":1}},"line":114}},"branchMap":{"0":{"loc":{"start":{"line":5,"column":19},"end":{"line":5,"column":75}},"type":"binary-expr","locations":[{"start":{"line":5,"column":19},"end":{"line":5,"column":41}},{"start":{"line":5,"column":45},"end":{"line":5,"column":75}}],"line":5},"1":{"loc":{"start":{"line":11,"column":4},"end":{"line":13,"column":5}},"type":"if","locations":[{"start":{"line":11,"column":4},"end":{"line":13,"column":5}},{"start":{},"end":{}}],"line":11},"2":{"loc":{"start":{"line":11,"column":8},"end":{"line":11,"column":29}},"type":"binary-expr","locations":[{"start":{"line":11,"column":8},"end":{"line":11,"column":16}},{"start":{"line":11,"column":20},"end":{"line":11,"column":29}}],"line":11},"3":{"loc":{"start":{"line":24,"column":4},"end":{"line":26,"column":5}},"type":"if","locations":[{"start":{"line":24,"column":4},"end":{"line":26,"column":5}},{"start":{},"end":{}}],"line":24},"4":{"loc":{"start":{"line":30,"column":4},"end":{"line":32,"column":5}},"type":"if","locations":[{"start":{"line":30,"column":4},"end":{"line":32,"column":5}},{"start":{},"end":{}}],"line":30},"5":{"loc":{"start":{"line":34,"column":4},"end":{"line":36,"column":5}},"type":"if","locations":[{"start":{"line":34,"column":4},"end":{"line":36,"column":5}},{"start":{},"end":{}}],"line":34},"6":{"loc":{"start":{"line":66,"column":4},"end":{"line":68,"column":5}},"type":"if","locations":[{"start":{"line":66,"column":4},"end":{"line":68,"column":5}},{"start":{},"end":{}}],"line":66},"7":{"loc":{"start":{"line":66,"column":8},"end":{"line":66,"column":52}},"type":"binary-expr","locations":[{"start":{"line":66,"column":8},"end":{"line":66,"column":17}},{"start":{"line":66,"column":21},"end":{"line":66,"column":27}},{"start":{"line":66,"column":31},"end":{"line":66,"column":52}}],"line":66},"8":{"loc":{"start":{"line":72,"column":4},"end":{"line":74,"column":5}},"type":"if","locations":[{"start":{"line":72,"column":4},"end":{"line":74,"column":5}},{"start":{},"end":{}}],"line":72},"9":{"loc":{"start":{"line":77,"column":4},"end":{"line":79,"column":5}},"type":"if","locations":[{"start":{"line":77,"column":4},"end":{"line":79,"column":5}},{"start":{},"end":{}}],"line":77},"10":{"loc":{"start":{"line":90,"column":14},"end":{"line":90,"column":24}},"type":"binary-expr","locations":[{"start":{"line":90,"column":14},"end":{"line":90,"column":18}},{"start":{"line":90,"column":22},"end":{"line":90,"column":24}}],"line":90},"11":{"loc":{"start":{"line":107,"column":4},"end":{"line":109,"column":5}},"type":"if","locations":[{"start":{"line":107,"column":4},"end":{"line":109,"column":5}},{"start":{},"end":{}}],"line":107},"12":{"loc":{"start":{"line":120,"column":4},"end":{"line":122,"column":5}},"type":"if","locations":[{"start":{"line":120,"column":4},"end":{"line":122,"column":5}},{"start":{},"end":{}}],"line":120}},"s":{"0":1,"1":1,"2":7,"3":7,"4":7,"5":2,"6":5,"7":4,"8":1,"9":3,"10":3,"11":1,"12":2,"13":1,"14":1,"15":1,"16":1,"17":1,"18":1,"19":6,"20":6,"21":6,"22":1,"23":5,"24":5,"25":1,"26":4,"27":1,"28":3,"29":2,"30":1,"31":2,"32":2,"33":1,"34":1,"35":1,"36":3,"37":3,"38":2,"39":1,"40":1,"41":1,"42":1},"f":{"0":7,"1":6,"2":3},"b":{"0":[1,1],"1":[2,5],"2":[7,6],"3":[1,3],"4":[1,2],"5":[1,1],"6":[1,5],"7":[6,6,6],"8":[1,4],"9":[1,3],"10":[2,1],"11":[1,1],"12":[1,1]},"_coverageSchema":"1a1c01bbd47fc00a2c39e90264f33305004495a9","hash":"e24babdc2b6fb348eead0cd9b856ae69d79c2830"}
,"/app/apps/backend/src/routes/authRoutes.js": {"path":"/app/apps/backend/src/routes/authRoutes.js","statementMap":{"0":{"start":{"line":5,"column":15},"end":{"line":5,"column":31}},"1":{"start":{"line":7,"column":0},"end":{"line":7,"column":29}},"2":{"start":{"line":8,"column":0},"end":{"line":8,"column":35}},"3":{"start":{"line":9,"column":0},"end":{"line":9,"column":38}}},"fnMap":{},"branchMap":{},"s":{"0":1,"1":1,"2":1,"3":1},"f":{},"b":{},"_coverageSchema":"1a1c01bbd47fc00a2c39e90264f33305004495a9","hash":"ce7c543f0f46a4949ea56a94ecb98e2db60adb31"}
}
