TN:
SF:src/prisma.js
FN:90,(anonymous_0)
FNF:1
FNH:0
FNDA:0,(anonymous_0)
DA:4,1
DA:8,1
DA:9,1
DA:11,1
DA:90,0
DA:93,0
LF:6
LH:4
BRDA:8,0,0,1
BRDA:8,0,1,0
BRF:2
BRH:1
end_of_record
TN:
SF:src/controllers/authController.js
FN:7,(anonymous_0)
FN:62,(anonymous_1)
FN:114,(anonymous_2)
FNF:3
FNH:3
FNDA:7,(anonymous_0)
FNDA:6,(anonymous_1)
FNDA:3,(anonymous_2)
DA:5,1
DA:7,1
DA:8,7
DA:9,7
DA:11,7
DA:12,2
DA:15,5
DA:24,4
DA:25,1
DA:28,3
DA:30,3
DA:31,1
DA:34,2
DA:35,1
DA:38,1
DA:44,1
DA:57,1
DA:58,1
DA:62,1
DA:63,6
DA:64,6
DA:66,6
DA:67,1
DA:71,5
DA:72,5
DA:73,1
DA:77,4
DA:78,1
DA:82,3
DA:84,2
DA:96,1
DA:106,2
DA:107,2
DA:108,1
DA:110,1
DA:114,1
DA:115,3
DA:116,3
DA:120,2
DA:121,1
DA:124,1
DA:135,1
DA:136,1
LF:43
LH:43
BRDA:5,0,0,1
BRDA:5,0,1,1
BRDA:11,1,0,2
BRDA:11,1,1,5
BRDA:11,2,0,7
BRDA:11,2,1,6
BRDA:24,3,0,1
BRDA:24,3,1,3
BRDA:30,4,0,1
BRDA:30,4,1,2
BRDA:34,5,0,1
BRDA:34,5,1,1
BRDA:66,6,0,1
BRDA:66,6,1,5
BRDA:66,7,0,6
BRDA:66,7,1,6
BRDA:66,7,2,6
BRDA:72,8,0,1
BRDA:72,8,1,4
BRDA:77,9,0,1
BRDA:77,9,1,3
BRDA:90,10,0,2
BRDA:90,10,1,1
BRDA:107,11,0,1
BRDA:107,11,1,1
BRDA:120,12,0,1
BRDA:120,12,1,1
BRF:27
BRH:27
end_of_record
TN:
SF:src/routes/authRoutes.js
FNF:0
FNH:0
DA:5,1
DA:7,1
DA:8,1
DA:9,1
LF:4
LH:4
BRF:0
BRH:0
end_of_record
